Determining if the include file pthread.h exists failed with the following output:
Change Dir: C:/Projetos/turtlecoin/out/build/x64-Debug/CMakeFiles/CMakeTmp

Run Build Command(s):C:/Program Files (x86)/Microsoft Visual Studio/2019/Community/Common7/IDE/CommonExtensions/Microsoft/CMake/Ninja/ninja.exe cmTC_c1ba8 && [1/2] Building C object CMakeFiles\cmTC_c1ba8.dir\CheckIncludeFile.c.obj
FAILED: CMakeFiles/cmTC_c1ba8.dir/CheckIncludeFile.c.obj 
C:\PROGRA~2\MICROS~1\2019\COMMUN~1\VC\Tools\MSVC\1423~1.281\bin\HostX64\x64\cl.exe  /nologo   /DWIN32 /D_WINDOWS /W3  /MDd /Zi /Ob0 /Od /RTC1 /showIncludes /FoCMakeFiles\cmTC_c1ba8.dir\CheckIncludeFile.c.obj /FdCMakeFiles\cmTC_c1ba8.dir\ /FS -c CheckIncludeFile.c
CheckIncludeFile.c(1): fatal error C1083: Cannot open include file: 'pthread.h': No such file or directory
ninja: build stopped: subcommand failed.



Checking whether the ASM_MASM compiler is GNU using "--version" did not match "(GNU assembler)|(GCC)|(Free Software Foundation)":
Microsoft (R) Macro Assembler (x64) Version 14.23.28106.4
Copyright (C) Microsoft Corporation.  All rights reserved.

MASM : warning A4018:invalid command-line option : --version
MASM : fatal error A1017:missing source filename
Checking whether the ASM_MASM compiler is Clang using "--version" did not match "(clang version)":
Microsoft (R) Macro Assembler (x64) Version 14.23.28106.4
Copyright (C) Microsoft Corporation.  All rights reserved.

MASM : warning A4018:invalid command-line option : --version
MASM : fatal error A1017:missing source filename
Checking whether the ASM_MASM compiler is AppleClang using "--version" did not match "(Apple LLVM version)":
Microsoft (R) Macro Assembler (x64) Version 14.23.28106.4
Copyright (C) Microsoft Corporation.  All rights reserved.

MASM : warning A4018:invalid command-line option : --version
MASM : fatal error A1017:missing source filename
Checking whether the ASM_MASM compiler is ARMClang using "--version" did not match "armclang":
Microsoft (R) Macro Assembler (x64) Version 14.23.28106.4
Copyright (C) Microsoft Corporation.  All rights reserved.

MASM : warning A4018:invalid command-line option : --version
MASM : fatal error A1017:missing source filename
Checking whether the ASM_MASM compiler is HP using "-V" did not match "HP C":
Microsoft (R) Macro Assembler (x64) Version 14.23.28106.4
Copyright (C) Microsoft Corporation.  All rights reserved.

MASM : warning A4018:invalid command-line option : -V
MASM : fatal error A1017:missing source filename
Checking whether the ASM_MASM compiler is Intel using "--version" did not match "(ICC)":
Microsoft (R) Macro Assembler (x64) Version 14.23.28106.4
Copyright (C) Microsoft Corporation.  All rights reserved.

MASM : warning A4018:invalid command-line option : --version
MASM : fatal error A1017:missing source filename
Checking whether the ASM_MASM compiler is SunPro using "-V" did not match "Sun C":
Microsoft (R) Macro Assembler (x64) Version 14.23.28106.4
Copyright (C) Microsoft Corporation.  All rights reserved.

MASM : warning A4018:invalid command-line option : -V
MASM : fatal error A1017:missing source filename
Checking whether the ASM_MASM compiler is XL using "-qversion" did not match "XL C":
Microsoft (R) Macro Assembler (x64) Version 14.23.28106.4
Copyright (C) Microsoft Corporation.  All rights reserved.

MASM : warning A4018:invalid command-line option : -qversion
MASM : fatal error A1017:missing source filename
Checking whether the ASM compiler is GNU using "--version" did not match "(GNU assembler)|(GCC)|(Free Software Foundation)":
Microsoft (R) C/C++ Optimizing Compiler Version 19.23.28106.4 for x64
Copyright (C) Microsoft Corporation.  All rights reserved.

cl : Command line warning D9002 : ignoring unknown option '--version'
cl : Command line error D8003 : missing source filename
Checking whether the ASM compiler is Clang using "--version" did not match "(clang version)":
Microsoft (R) C/C++ Optimizing Compiler Version 19.23.28106.4 for x64
Copyright (C) Microsoft Corporation.  All rights reserved.

cl : Command line warning D9002 : ignoring unknown option '--version'
cl : Command line error D8003 : missing source filename
Checking whether the ASM compiler is AppleClang using "--version" did not match "(Apple LLVM version)":
Microsoft (R) C/C++ Optimizing Compiler Version 19.23.28106.4 for x64
Copyright (C) Microsoft Corporation.  All rights reserved.

cl : Command line warning D9002 : ignoring unknown option '--version'
cl : Command line error D8003 : missing source filename
Checking whether the ASM compiler is ARMClang using "--version" did not match "armclang":
Microsoft (R) C/C++ Optimizing Compiler Version 19.23.28106.4 for x64
Copyright (C) Microsoft Corporation.  All rights reserved.

cl : Command line warning D9002 : ignoring unknown option '--version'
cl : Command line error D8003 : missing source filename
Checking whether the ASM compiler is HP using "-V" did not match "HP C":
Microsoft (R) C/C++ Optimizing Compiler Version 19.23.28106.4 for x64
Copyright (C) Microsoft Corporation.  All rights reserved.

cl : Command line error D8004 : '/V' requires an argument
Checking whether the ASM compiler is Intel using "--version" did not match "(ICC)":
Microsoft (R) C/C++ Optimizing Compiler Version 19.23.28106.4 for x64
Copyright (C) Microsoft Corporation.  All rights reserved.

cl : Command line warning D9002 : ignoring unknown option '--version'
cl : Command line error D8003 : missing source filename
Checking whether the ASM compiler is SunPro using "-V" did not match "Sun C":
Microsoft (R) C/C++ Optimizing Compiler Version 19.23.28106.4 for x64
Copyright (C) Microsoft Corporation.  All rights reserved.

cl : Command line error D8004 : '/V' requires an argument
Checking whether the ASM compiler is XL using "-qversion" did not match "XL C":
Microsoft (R) C/C++ Optimizing Compiler Version 19.23.28106.4 for x64
Copyright (C) Microsoft Corporation.  All rights reserved.

cl : Command line warning D9002 : ignoring unknown option '-qversion'
cl : Command line error D8003 : missing source filename
Performing C++ SOURCE FILE Test HAVE_SYNC_FILE_RANGE_WRITE failed with the following output:
Change Dir: C:/Projetos/turtlecoin/out/build/x64-Debug/CMakeFiles/CMakeTmp

Run Build Command(s):C:/Program Files (x86)/Microsoft Visual Studio/2019/Community/Common7/IDE/CommonExtensions/Microsoft/CMake/Ninja/ninja.exe cmTC_333a6 && [1/2] Building CXX object CMakeFiles\cmTC_333a6.dir\src.cxx.obj
FAILED: CMakeFiles/cmTC_333a6.dir/src.cxx.obj 
C:\PROGRA~2\MICROS~1\2019\COMMUN~1\VC\Tools\MSVC\1423~1.281\bin\HostX64\x64\cl.exe  /nologo /TP   /DWIN32 /D_WINDOWS /W3 /GR /EHsc /Zi /nologo /EHsc /GS /Gd /GR /GF /fp:precise /Zc:wchar_t /Zc:forScope /errorReport:queue /FC /d2Zi+ /W4 /wd4127 /wd4800 /wd4996 /wd4351 /wd4100 /wd4204 /wd4324 -DHAVE_SYNC_FILE_RANGE_WRITE /MDd /Zi /Ob0 /Od /RTC1 /showIncludes /FoCMakeFiles\cmTC_333a6.dir\src.cxx.obj /FdCMakeFiles\cmTC_333a6.dir\ /FS -c src.cxx
cl : Command line warning D9025 : overriding '/W3' with '/W4'
C:\Projetos\turtlecoin\out\build\x64-Debug\CMakeFiles\CMakeTmp\src.cxx(4): error C3861: 'open': identifier not found
C:\Projetos\turtlecoin\out\build\x64-Debug\CMakeFiles\CMakeTmp\src.cxx(5): error C2065: 'SYNC_FILE_RANGE_WRITE': undeclared identifier
C:\Projetos\turtlecoin\out\build\x64-Debug\CMakeFiles\CMakeTmp\src.cxx(5): error C3861: 'sync_file_range': identifier not found
ninja: build stopped: subcommand failed.


Source file was:

  #include <fcntl.h>
  int main() {
    int fd = open("/dev/null", 0);
    sync_file_range(fd, 0, 1024, SYNC_FILE_RANGE_WRITE);
  }
  
Performing C++ SOURCE FILE Test HAVE_PTHREAD_MUTEX_ADAPTIVE_NP failed with the following output:
Change Dir: C:/Projetos/turtlecoin/out/build/x64-Debug/CMakeFiles/CMakeTmp

Run Build Command(s):C:/Program Files (x86)/Microsoft Visual Studio/2019/Community/Common7/IDE/CommonExtensions/Microsoft/CMake/Ninja/ninja.exe cmTC_53d41 && [1/2] Building CXX object CMakeFiles\cmTC_53d41.dir\src.cxx.obj
FAILED: CMakeFiles/cmTC_53d41.dir/src.cxx.obj 
C:\PROGRA~2\MICROS~1\2019\COMMUN~1\VC\Tools\MSVC\1423~1.281\bin\HostX64\x64\cl.exe  /nologo /TP   /DWIN32 /D_WINDOWS /W3 /GR /EHsc /Zi /nologo /EHsc /GS /Gd /GR /GF /fp:precise /Zc:wchar_t /Zc:forScope /errorReport:queue /FC /d2Zi+ /W4 /wd4127 /wd4800 /wd4996 /wd4351 /wd4100 /wd4204 /wd4324 -DHAVE_PTHREAD_MUTEX_ADAPTIVE_NP /MDd /Zi /Ob0 /Od /RTC1 /showIncludes /FoCMakeFiles\cmTC_53d41.dir\src.cxx.obj /FdCMakeFiles\cmTC_53d41.dir\ /FS -c src.cxx
cl : Command line warning D9025 : overriding '/W3' with '/W4'
C:\Projetos\turtlecoin\out\build\x64-Debug\CMakeFiles\CMakeTmp\src.cxx(2): fatal error C1083: Cannot open include file: 'pthread.h': No such file or directory
ninja: build stopped: subcommand failed.


Source file was:

  #include <pthread.h>
  int main() {
    (void) PTHREAD_MUTEX_ADAPTIVE_NP;
  }
  
Determining if the malloc_usable_size exist failed with the following output:
Change Dir: C:/Projetos/turtlecoin/out/build/x64-Debug/CMakeFiles/CMakeTmp

Run Build Command(s):C:/Program Files (x86)/Microsoft Visual Studio/2019/Community/Common7/IDE/CommonExtensions/Microsoft/CMake/Ninja/ninja.exe cmTC_b880a && [1/2] Building CXX object CMakeFiles\cmTC_b880a.dir\CheckSymbolExists.cxx.obj
FAILED: CMakeFiles/cmTC_b880a.dir/CheckSymbolExists.cxx.obj 
C:\PROGRA~2\MICROS~1\2019\COMMUN~1\VC\Tools\MSVC\1423~1.281\bin\HostX64\x64\cl.exe  /nologo /TP   /DWIN32 /D_WINDOWS /W3 /GR /EHsc /Zi /nologo /EHsc /GS /Gd /GR /GF /fp:precise /Zc:wchar_t /Zc:forScope /errorReport:queue /FC /d2Zi+ /W4 /wd4127 /wd4800 /wd4996 /wd4351 /wd4100 /wd4204 /wd4324  /MDd /Zi /Ob0 /Od /RTC1 /showIncludes /FoCMakeFiles\cmTC_b880a.dir\CheckSymbolExists.cxx.obj /FdCMakeFiles\cmTC_b880a.dir\ /FS -c CheckSymbolExists.cxx
cl : Command line warning D9025 : overriding '/W3' with '/W4'
C:\Projetos\turtlecoin\out\build\x64-Debug\CMakeFiles\CMakeTmp\CheckSymbolExists.cxx(8): error C2065: 'malloc_usable_size': undeclared identifier
ninja: build stopped: subcommand failed.


File C:/Projetos/turtlecoin/out/build/x64-Debug/CMakeFiles/CMakeTmp/CheckSymbolExists.cxx:
/* */
#include <malloc.h>

int main(int argc, char** argv)
{
  (void)argv;
#ifndef malloc_usable_size
  return ((int*)(&malloc_usable_size))[argc];
#else
  (void)argc;
  return 0;
#endif
}

Determining if the sched_getcpu exist failed with the following output:
Change Dir: C:/Projetos/turtlecoin/out/build/x64-Debug/CMakeFiles/CMakeTmp

Run Build Command(s):C:/Program Files (x86)/Microsoft Visual Studio/2019/Community/Common7/IDE/CommonExtensions/Microsoft/CMake/Ninja/ninja.exe cmTC_f99e4 && [1/2] Building CXX object CMakeFiles\cmTC_f99e4.dir\CheckSymbolExists.cxx.obj
FAILED: CMakeFiles/cmTC_f99e4.dir/CheckSymbolExists.cxx.obj 
C:\PROGRA~2\MICROS~1\2019\COMMUN~1\VC\Tools\MSVC\1423~1.281\bin\HostX64\x64\cl.exe  /nologo /TP   /DWIN32 /D_WINDOWS /W3 /GR /EHsc /Zi /nologo /EHsc /GS /Gd /GR /GF /fp:precise /Zc:wchar_t /Zc:forScope /errorReport:queue /FC /d2Zi+ /W4 /wd4127 /wd4800 /wd4996 /wd4351 /wd4100 /wd4204 /wd4324  /MDd /Zi /Ob0 /Od /RTC1 /showIncludes /FoCMakeFiles\cmTC_f99e4.dir\CheckSymbolExists.cxx.obj /FdCMakeFiles\cmTC_f99e4.dir\ /FS -c CheckSymbolExists.cxx
cl : Command line warning D9025 : overriding '/W3' with '/W4'
C:\Projetos\turtlecoin\out\build\x64-Debug\CMakeFiles\CMakeTmp\CheckSymbolExists.cxx(2): fatal error C1083: Cannot open include file: 'sched.h': No such file or directory
ninja: build stopped: subcommand failed.


File C:/Projetos/turtlecoin/out/build/x64-Debug/CMakeFiles/CMakeTmp/CheckSymbolExists.cxx:
/* */
#include <sched.h>

int main(int argc, char** argv)
{
  (void)argv;
#ifndef sched_getcpu
  return ((int*)(&sched_getcpu))[argc];
#else
  (void)argc;
  return 0;
#endif
}

